<?xml version="1.0" encoding="UTF-8"?>
<!-- Generated by org.testng.reporters.JUnitXMLReporter -->
<testsuite ignored="16" hostname="DESKTOP-8U4S44M" failures="2" tests="9" name="Test" time="58.718" errors="0" timestamp="2023-07-10T15:35:29 IST">
  <testcase classname="com.pygacrm.opportunity.CreateOpportunityWithDropdownsTest" name="createOppWithDropdown" time="16.593">
    <skipped/>
  </testcase> <!-- createOppWithDropdown -->
  <testcase classname="com.pygacrm.opportunity.CreateOpportunityTest" name="CreateOpportunityWithName" time="16.767"/>
  <testcase classname="com.pygacrm.opportunity.CreateOpportunityWithRelatedToContactsTest" name="createOPPWithContact" time="18.008"/>
  <testcase classname="com.pygacrm.opportunity.CreateOpportunityWithExpectedCloseDateTest" name="expectedCloseDate" time="19.466"/>
  <testcase classname="com.pygacrm.opportunity.CreateOpportuninyAllFieldsTest" name="opportunityWithAllFields" time="22.817"/>
  <testcase classname="com.pygacrm.opportunity.CreateOpportunityWithDropdownsTest" name="createOppWithDropdown" time="6.254">
    <skipped/>
  </testcase> <!-- createOppWithDropdown -->
  <testcase classname="com.pygacrm.opportunity.CreateOpportunityWithDropdownsTest" name="createOppWithDropdown" time="6.689">
    <skipped/>
  </testcase> <!-- createOppWithDropdown -->
  <testcase classname="com.pygacrm.opportunity.CreateOpportunityWithDropdownsTest" name="createOppWithDropdown" time="6.935">
    <failure type="java.lang.AssertionError" message="null">
      <![CDATA[java.lang.AssertionError: null
at com.pygacrm.opportunity.CreateOpportunityWithDropdownsTest.createOppWithDropdown(CreateOpportunityWithDropdownsTest.java:64)
at java.base/java.util.concurrent.ThreadPoolExecutor.runWorker(ThreadPoolExecutor.java:1136)
at java.base/java.util.concurrent.ThreadPoolExecutor$Worker.run(ThreadPoolExecutor.java:635)
at java.base/java.lang.Thread.run(Thread.java:833)
... Removed 14 stack frames]]>
    </failure>
  </testcase> <!-- createOppWithDropdown -->
  <testcase classname="com.pygacrm.opportunity.CreateOpportunityWithDropdownsTest" name="createOppWithDropdown" time="50.456">
    <failure type="java.lang.NullPointerException" message="Cannot invoke &amp;quot;org.openqa.selenium.TakesScreenshot.getScreenshotAs(org.openqa.selenium.OutputType)&amp;quot; because &amp;quot;t&amp;quot; is null">
      <![CDATA[java.lang.NullPointerException: Cannot invoke "org.openqa.selenium.TakesScreenshot.getScreenshotAs(org.openqa.selenium.OutputType)" because "t" is null
at com.Pyga.Vtigergenericutlity.ListenerImp.onTestFailure(ListenerImp.java:20)
at java.base/java.util.concurrent.ThreadPoolExecutor.runWorker(ThreadPoolExecutor.java:1136)
at java.base/java.util.concurrent.ThreadPoolExecutor$Worker.run(ThreadPoolExecutor.java:635)
at java.base/java.lang.Thread.run(Thread.java:833)
... Removed 9 stack frames]]>
    </failure>
  </testcase> <!-- createOppWithDropdown -->
  <testcase classname="com.Pyga.Vtigergenericutlity.BaseClass" name="@BeforeSuite connectTODB" time="0.0">
    <ignored/>
  </testcase> <!-- @BeforeSuite connectTODB -->
  <testcase classname="com.Pyga.Vtigergenericutlity.BaseClass" name="@BeforeTest bTest" time="0.0">
    <ignored/>
  </testcase> <!-- @BeforeTest bTest -->
  <testcase classname="com.Pyga.Vtigergenericutlity.BaseClass" name="@BeforeTest bTest" time="0.0">
    <ignored/>
  </testcase> <!-- @BeforeTest bTest -->
  <testcase classname="com.Pyga.Vtigergenericutlity.BaseClass" name="@BeforeTest bTest" time="0.0">
    <ignored/>
  </testcase> <!-- @BeforeTest bTest -->
  <testcase classname="com.Pyga.Vtigergenericutlity.BaseClass" name="@AfterSuite closeDB" time="0.0">
    <ignored/>
  </testcase> <!-- @AfterSuite closeDB -->
  <testcase classname="com.Pyga.Vtigergenericutlity.BaseClass" name="@AfterSuite closeDB" time="0.0">
    <ignored/>
  </testcase> <!-- @AfterSuite closeDB -->
  <testcase classname="com.Pyga.Vtigergenericutlity.BaseClass" name="@AfterTest aTest" time="0.0">
    <ignored/>
  </testcase> <!-- @AfterTest aTest -->
  <testcase classname="com.Pyga.Vtigergenericutlity.BaseClass" name="@AfterTest aTest" time="0.0">
    <ignored/>
  </testcase> <!-- @AfterTest aTest -->
  <testcase classname="com.Pyga.Vtigergenericutlity.BaseClass" name="@BeforeSuite connectTODB" time="0.0">
    <ignored/>
  </testcase> <!-- @BeforeSuite connectTODB -->
  <testcase classname="com.Pyga.Vtigergenericutlity.BaseClass" name="@BeforeSuite connectTODB" time="0.0">
    <ignored/>
  </testcase> <!-- @BeforeSuite connectTODB -->
  <testcase classname="com.Pyga.Vtigergenericutlity.BaseClass" name="@BeforeSuite connectTODB" time="0.0">
    <ignored/>
  </testcase> <!-- @BeforeSuite connectTODB -->
  <testcase classname="com.Pyga.Vtigergenericutlity.BaseClass" name="@BeforeTest bTest" time="0.0">
    <ignored/>
  </testcase> <!-- @BeforeTest bTest -->
  <testcase classname="com.Pyga.Vtigergenericutlity.BaseClass" name="@AfterSuite closeDB" time="0.0">
    <ignored/>
  </testcase> <!-- @AfterSuite closeDB -->
  <testcase classname="com.Pyga.Vtigergenericutlity.BaseClass" name="@AfterTest aTest" time="0.0">
    <ignored/>
  </testcase> <!-- @AfterTest aTest -->
  <testcase classname="com.Pyga.Vtigergenericutlity.BaseClass" name="@AfterTest aTest" time="0.0">
    <ignored/>
  </testcase> <!-- @AfterTest aTest -->
  <testcase classname="com.Pyga.Vtigergenericutlity.BaseClass" name="@AfterSuite closeDB" time="0.0">
    <ignored/>
  </testcase> <!-- @AfterSuite closeDB -->
</testsuite> <!-- Test -->
